<?xml version="1.0" encoding="UTF-8"?>
<!-- Generated by org.testng.reporters.JUnitReportReporter -->
<testsuite skipped="0" hostname="DESKTOP-0LT175G" name="Runner.TestRunner" tests="1" failures="0" timestamp="07 Nov 2019 22:27:40 GMT" time="140.175" errors="0">
  <testcase name="feature" time="140.175" classname="Runner.TestRunner"/>
</testsuite> <!-- Runner.TestRunner -->
